SF:lib\core\network\network_info.dart
DA:10,1
DA:12,0
DA:13,0
LF:3
LH:1
end_of_record
SF:lib\features\rick_and_morty\data\models\character_model.dart
DA:4,1
DA:13,1
DA:24,2
DA:25,1
DA:26,1
DA:27,1
DA:28,1
DA:29,1
DA:30,1
DA:31,1
DA:32,1
DA:35,1
DA:36,1
DA:37,1
DA:38,1
DA:39,1
DA:40,1
DA:41,1
DA:42,1
DA:43,1
DA:44,1
LF:21
LH:21
end_of_record
SF:lib\features\rick_and_morty\domain\entities\character.dart
DA:4,3
DA:28,1
DA:29,1
DA:30,1
DA:31,1
DA:32,1
DA:33,1
DA:34,1
DA:35,1
DA:36,1
DA:37,1
LF:11
LH:11
end_of_record
SF:lib\core\usecases\usecase.dart
DA:11,0
DA:12,0
LF:2
LH:0
end_of_record
SF:lib\features\rick_and_morty\domain\usecases\get_all_characters.dart
DA:12,1
DA:15,1
DA:16,3
LF:3
LH:3
end_of_record
SF:lib\core\error\failure.dart
DA:4,0
DA:5,0
LF:2
LH:0
end_of_record
SF:lib\features\rick_and_morty\domain\usecases\get_single_character.dart
DA:12,1
DA:15,1
DA:16,4
DA:23,1
DA:25,0
DA:26,0
LF:6
LH:4
end_of_record
SF:lib\main.dart
DA:3,0
DA:4,0
DA:8,2
DA:11,1
DA:13,1
DA:15,1
DA:33,1
DA:46,1
DA:47,1
DA:53,1
DA:54,2
DA:60,2
DA:64,1
DA:72,1
DA:73,1
DA:76,3
DA:78,1
DA:81,1
DA:97,1
DA:101,1
DA:102,2
DA:103,3
DA:108,1
DA:109,1
LF:24
LH:22
end_of_record
